<?xml version="1.0" encoding="UTF-8"?>
<coverage generated="1620204325227" clover="3.2.0">
  <project timestamp="1620204325227" name="All files">
    <metrics statements="60" coveredstatements="48" conditionals="36" coveredconditionals="20" methods="13" coveredmethods="9" elements="109" coveredelements="77" complexity="0" loc="60" ncloc="60" packages="1" files="1" classes="1"/>
    <file name="FlakaPlayer.ts" path="/Users/antonionovoselnik/five/napster/flaka/src/FlakaPlayer.ts">
      <metrics statements="60" coveredstatements="48" conditionals="36" coveredconditionals="20" methods="13" coveredmethods="9"/>
      <line num="1" count="1" type="stmt"/>
      <line num="2" count="1" type="stmt"/>
      <line num="3" count="1" type="stmt"/>
      <line num="4" count="1" type="stmt"/>
      <line num="5" count="1" type="stmt"/>
      <line num="7" count="1" type="stmt"/>
      <line num="9" count="13" type="stmt"/>
      <line num="16" count="13" type="stmt"/>
      <line num="17" count="13" type="stmt"/>
      <line num="18" count="13" type="stmt"/>
      <line num="20" count="13" type="cond" truecount="2" falsecount="0"/>
      <line num="21" count="1" type="stmt"/>
      <line num="24" count="13" type="stmt"/>
      <line num="25" count="0" type="stmt"/>
      <line num="28" count="13" type="stmt"/>
      <line num="29" count="0" type="stmt"/>
      <line num="33" count="13" type="cond" truecount="1" falsecount="1"/>
      <line num="34" count="13" type="stmt"/>
      <line num="35" count="13" type="stmt"/>
      <line num="37" count="0" type="stmt"/>
      <line num="42" count="13" type="stmt"/>
      <line num="45" count="13" type="stmt"/>
      <line num="50" count="1" type="stmt"/>
      <line num="54" count="0" type="stmt"/>
      <line num="58" count="0" type="stmt"/>
      <line num="62" count="9" type="stmt"/>
      <line num="63" count="9" type="cond" truecount="2" falsecount="0"/>
      <line num="64" count="4" type="stmt"/>
      <line num="69" count="4" type="stmt"/>
      <line num="71" count="4" type="cond" truecount="1" falsecount="1"/>
      <line num="72" count="0" type="stmt"/>
      <line num="79" count="4" type="cond" truecount="1" falsecount="1"/>
      <line num="80" count="0" type="stmt"/>
      <line num="81" count="0" type="cond" truecount="0" falsecount="2"/>
      <line num="82" count="0" type="stmt"/>
      <line num="89" count="4" type="stmt"/>
      <line num="91" count="4" type="cond" truecount="2" falsecount="0"/>
      <line num="92" count="2" type="stmt"/>
      <line num="95" count="3" type="stmt"/>
      <line num="97" count="3" type="stmt"/>
      <line num="102" count="3" type="cond" truecount="2" falsecount="2"/>
      <line num="103" count="0" type="stmt"/>
      <line num="106" count="3" type="stmt"/>
      <line num="108" count="3" type="stmt"/>
      <line num="110" count="3" type="cond" truecount="1" falsecount="1"/>
      <line num="111" count="0" type="stmt"/>
      <line num="114" count="3" type="stmt"/>
      <line num="116" count="3" type="stmt"/>
      <line num="121" count="3" type="cond" truecount="2" falsecount="2"/>
      <line num="122" count="0" type="stmt"/>
      <line num="125" count="3" type="stmt"/>
      <line num="128" count="1" type="stmt"/>
      <line num="133" count="2" type="stmt"/>
      <line num="134" count="2" type="stmt"/>
      <line num="135" count="2" type="stmt"/>
      <line num="139" count="2" type="stmt"/>
      <line num="140" count="2" type="stmt"/>
      <line num="144" count="1" type="stmt"/>
      <line num="148" count="2" type="stmt"/>
      <line num="149" count="2" type="stmt"/>
    </file>
  </project>
</coverage>
