<?xml version="1.0" encoding="UTF-8"?>
<coverage generated="1618994512029" clover="3.2.0">
  <project timestamp="1618994512029" name="All files">
    <metrics statements="71" coveredstatements="58" conditionals="26" coveredconditionals="16" methods="16" coveredmethods="11" elements="113" coveredelements="85" complexity="0" loc="71" ncloc="71" packages="1" files="5" classes="5"/>
    <file name="FlakaPlayer.ts" path="/Users/antonionovoselnik/five/napster/flaka/src/FlakaPlayer.ts">
      <metrics statements="56" coveredstatements="45" conditionals="24" coveredconditionals="14" methods="13" coveredmethods="9"/>
      <line num="1" count="1" type="stmt"/>
      <line num="2" count="1" type="stmt"/>
      <line num="3" count="1" type="stmt"/>
      <line num="4" count="1" type="stmt"/>
      <line num="5" count="1" type="stmt"/>
      <line num="7" count="1" type="stmt"/>
      <line num="9" count="13" type="stmt"/>
      <line num="16" count="13" type="stmt"/>
      <line num="17" count="13" type="stmt"/>
      <line num="18" count="13" type="stmt"/>
      <line num="20" count="13" type="cond" truecount="2" falsecount="0"/>
      <line num="21" count="1" type="stmt"/>
      <line num="24" count="13" type="stmt"/>
      <line num="25" count="0" type="stmt"/>
      <line num="28" count="13" type="stmt"/>
      <line num="29" count="0" type="stmt"/>
      <line num="33" count="13" type="cond" truecount="1" falsecount="1"/>
      <line num="34" count="13" type="stmt"/>
      <line num="35" count="13" type="stmt"/>
      <line num="37" count="0" type="stmt"/>
      <line num="42" count="13" type="stmt"/>
      <line num="45" count="13" type="stmt"/>
      <line num="50" count="1" type="stmt"/>
      <line num="54" count="0" type="stmt"/>
      <line num="58" count="9" type="stmt"/>
      <line num="59" count="9" type="cond" truecount="2" falsecount="0"/>
      <line num="60" count="4" type="stmt"/>
      <line num="65" count="4" type="stmt"/>
      <line num="67" count="4" type="cond" truecount="1" falsecount="1"/>
      <line num="68" count="0" type="stmt"/>
      <line num="75" count="4" type="cond" truecount="1" falsecount="1"/>
      <line num="76" count="0" type="stmt"/>
      <line num="77" count="0" type="cond" truecount="0" falsecount="2"/>
      <line num="78" count="0" type="stmt"/>
      <line num="85" count="4" type="stmt"/>
      <line num="87" count="4" type="cond" truecount="2" falsecount="0"/>
      <line num="88" count="2" type="stmt"/>
      <line num="91" count="3" type="stmt"/>
      <line num="93" count="3" type="cond" truecount="2" falsecount="2"/>
      <line num="94" count="0" type="stmt"/>
      <line num="97" count="3" type="stmt"/>
      <line num="99" count="3" type="stmt"/>
      <line num="101" count="3" type="cond" truecount="1" falsecount="1"/>
      <line num="102" count="0" type="stmt"/>
      <line num="105" count="3" type="stmt"/>
      <line num="107" count="3" type="cond" truecount="2" falsecount="2"/>
      <line num="108" count="0" type="stmt"/>
      <line num="111" count="3" type="stmt"/>
      <line num="114" count="1" type="stmt"/>
      <line num="119" count="2" type="stmt"/>
      <line num="120" count="2" type="stmt"/>
      <line num="124" count="2" type="stmt"/>
      <line num="125" count="2" type="stmt"/>
      <line num="129" count="1" type="stmt"/>
      <line num="133" count="2" type="stmt"/>
      <line num="134" count="2" type="stmt"/>
    </file>
    <file name="Logger.ts" path="/Users/antonionovoselnik/five/napster/flaka/src/Logger.ts">
      <metrics statements="3" coveredstatements="1" conditionals="0" coveredconditionals="0" methods="1" coveredmethods="0"/>
      <line num="1" count="1" type="stmt"/>
      <line num="6" count="0" type="stmt"/>
      <line num="7" count="0" type="stmt"/>
    </file>
    <file name="constants.ts" path="/Users/antonionovoselnik/five/napster/flaka/src/constants.ts">
      <metrics statements="2" coveredstatements="2" conditionals="0" coveredconditionals="0" methods="0" coveredmethods="0"/>
      <line num="1" count="1" type="stmt"/>
      <line num="3" count="1" type="stmt"/>
    </file>
    <file name="helpers.ts" path="/Users/antonionovoselnik/five/napster/flaka/src/helpers.ts">
      <metrics statements="6" coveredstatements="6" conditionals="0" coveredconditionals="0" methods="1" coveredmethods="1"/>
      <line num="1" count="1" type="stmt"/>
      <line num="2" count="1" type="stmt"/>
      <line num="3" count="1" type="stmt"/>
      <line num="4" count="1" type="stmt"/>
      <line num="6" count="1" type="stmt"/>
      <line num="8" count="1" type="stmt"/>
    </file>
    <file name="types.ts" path="/Users/antonionovoselnik/five/napster/flaka/src/types.ts">
      <metrics statements="4" coveredstatements="4" conditionals="2" coveredconditionals="2" methods="1" coveredmethods="1"/>
      <line num="1" count="1" type="cond" truecount="2" falsecount="0"/>
      <line num="2" count="1" type="stmt"/>
      <line num="3" count="1" type="stmt"/>
      <line num="4" count="1" type="stmt"/>
    </file>
  </project>
</coverage>
