{"/Users/abarac/rhapsody/flaka/src/FlakaPlayer.ts": {"path":"/Users/abarac/rhapsody/flaka/src/FlakaPlayer.ts","statementMap":{"0":{"start":{"line":1,"column":0},"end":{"line":1,"column":67}},"1":{"start":{"line":2,"column":0},"end":{"line":2,"column":49}},"2":{"start":{"line":3,"column":0},"end":{"line":3,"column":47}},"3":{"start":{"line":4,"column":0},"end":{"line":4,"column":34}},"4":{"start":{"line":5,"column":0},"end":{"line":5,"column":85}},"5":{"start":{"line":10,"column":2},"end":{"line":10,"column":29}},"6":{"start":{"line":18,"column":4},"end":{"line":18,"column":17}},"7":{"start":{"line":19,"column":4},"end":{"line":19,"column":27}},"8":{"start":{"line":20,"column":4},"end":{"line":20,"column":31}},"9":{"start":{"line":21,"column":4},"end":{"line":21,"column":72}},"10":{"start":{"line":22,"column":4},"end":{"line":22,"column":31}},"11":{"start":{"line":24,"column":4},"end":{"line":26,"column":null}},"12":{"start":{"line":25,"column":6},"end":{"line":25,"column":49}},"13":{"start":{"line":28,"column":4},"end":{"line":30,"column":7}},"14":{"start":{"line":29,"column":6},"end":{"line":29,"column":53}},"15":{"start":{"line":32,"column":4},"end":{"line":35,"column":7}},"16":{"start":{"line":33,"column":6},"end":{"line":33,"column":27}},"17":{"start":{"line":34,"column":6},"end":{"line":34,"column":42}},"18":{"start":{"line":37,"column":4},"end":{"line":39,"column":7}},"19":{"start":{"line":38,"column":6},"end":{"line":38,"column":75}},"20":{"start":{"line":41,"column":4},"end":{"line":44,"column":7}},"21":{"start":{"line":42,"column":6},"end":{"line":42,"column":72}},"22":{"start":{"line":43,"column":6},"end":{"line":43,"column":29}},"23":{"start":{"line":47,"column":4},"end":{"line":52,"column":null}},"24":{"start":{"line":48,"column":6},"end":{"line":48,"column":28}},"25":{"start":{"line":49,"column":6},"end":{"line":49,"column":24}},"26":{"start":{"line":51,"column":6},"end":{"line":51,"column":50}},"27":{"start":{"line":56,"column":19},"end":{"line":56,"column":48}},"28":{"start":{"line":59,"column":4},"end":{"line":61,"column":7}},"29":{"start":{"line":60,"column":6},"end":{"line":60,"column":31}},"30":{"start":{"line":62,"column":4},"end":{"line":64,"column":7}},"31":{"start":{"line":63,"column":6},"end":{"line":63,"column":57}},"32":{"start":{"line":65,"column":4},"end":{"line":67,"column":7}},"33":{"start":{"line":66,"column":6},"end":{"line":66,"column":57}},"34":{"start":{"line":68,"column":4},"end":{"line":70,"column":7}},"35":{"start":{"line":69,"column":6},"end":{"line":69,"column":58}},"36":{"start":{"line":72,"column":4},"end":{"line":72,"column":25}},"37":{"start":{"line":77,"column":4},"end":{"line":77,"column":61}},"38":{"start":{"line":78,"column":4},"end":{"line":80,"column":null}},"39":{"start":{"line":79,"column":6},"end":{"line":79,"column":42}},"40":{"start":{"line":84,"column":4},"end":{"line":87,"column":7}},"41":{"start":{"line":88,"column":4},"end":{"line":88,"column":31}},"42":{"start":{"line":92,"column":4},"end":{"line":92,"column":26}},"43":{"start":{"line":93,"column":4},"end":{"line":95,"column":null}},"44":{"start":{"line":94,"column":6},"end":{"line":94,"column":64}},"45":{"start":{"line":101,"column":4},"end":{"line":107,"column":7}},"46":{"start":{"line":102,"column":6},"end":{"line":102,"column":50}},"47":{"start":{"line":102,"column":34},"end":{"line":102,"column":50}},"48":{"start":{"line":104,"column":21},"end":{"line":104,"column":73}},"49":{"start":{"line":105,"column":6},"end":{"line":105,"column":44}},"50":{"start":{"line":106,"column":6},"end":{"line":106,"column":104}},"51":{"start":{"line":109,"column":4},"end":{"line":140,"column":7}},"52":{"start":{"line":110,"column":6},"end":{"line":112,"column":null}},"53":{"start":{"line":111,"column":8},"end":{"line":111,"column":15}},"54":{"start":{"line":114,"column":37},"end":{"line":132,"column":7}},"55":{"start":{"line":115,"column":16},"end":{"line":115,"column":18}},"56":{"start":{"line":116,"column":8},"end":{"line":130,"column":null}},"57":{"start":{"line":117,"column":39},"end":{"line":117,"column":106}},"58":{"start":{"line":117,"column":112},"end":{"line":117,"column":113}},"59":{"start":{"line":121,"column":10},"end":{"line":129,"column":73}},"60":{"start":{"line":131,"column":8},"end":{"line":131,"column":17}},"61":{"start":{"line":134,"column":30},"end":{"line":134,"column":77}},"62":{"start":{"line":135,"column":19},"end":{"line":135,"column":88}},"63":{"start":{"line":137,"column":6},"end":{"line":137,"column":90}},"64":{"start":{"line":138,"column":6},"end":{"line":138,"column":44}},"65":{"start":{"line":139,"column":6},"end":{"line":139,"column":51}},"66":{"start":{"line":142,"column":4},"end":{"line":149,"column":7}},"67":{"start":{"line":143,"column":6},"end":{"line":145,"column":null}},"68":{"start":{"line":144,"column":8},"end":{"line":144,"column":15}},"69":{"start":{"line":146,"column":25},"end":{"line":146,"column":65}},"70":{"start":{"line":147,"column":6},"end":{"line":147,"column":41}},"71":{"start":{"line":148,"column":6},"end":{"line":148,"column":75}},"72":{"start":{"line":153,"column":4},"end":{"line":155,"column":null}},"73":{"start":{"line":154,"column":6},"end":{"line":154,"column":48}},"74":{"start":{"line":157,"column":4},"end":{"line":159,"column":null}},"75":{"start":{"line":158,"column":6},"end":{"line":158,"column":54}},"76":{"start":{"line":161,"column":4},"end":{"line":161,"column":47}},"77":{"start":{"line":173,"column":4},"end":{"line":250,"column":null}},"78":{"start":{"line":174,"column":6},"end":{"line":188,"column":null}},"79":{"start":{"line":175,"column":8},"end":{"line":175,"column":34}},"80":{"start":{"line":176,"column":20},"end":{"line":176,"column":47}},"81":{"start":{"line":177,"column":21},"end":{"line":177,"column":44}},"82":{"start":{"line":178,"column":8},"end":{"line":186,"column":11}},"83":{"start":{"line":187,"column":8},"end":{"line":187,"column":60}},"84":{"start":{"line":190,"column":6},"end":{"line":197,"column":null}},"85":{"start":{"line":191,"column":24},"end":{"line":191,"column":59}},"86":{"start":{"line":192,"column":8},"end":{"line":196,"column":11}},"87":{"start":{"line":199,"column":6},"end":{"line":205,"column":null}},"88":{"start":{"line":200,"column":8},"end":{"line":204,"column":11}},"89":{"start":{"line":201,"column":10},"end":{"line":203,"column":null}},"90":{"start":{"line":202,"column":12},"end":{"line":202,"column":50}},"91":{"start":{"line":208,"column":6},"end":{"line":210,"column":null}},"92":{"start":{"line":209,"column":8},"end":{"line":209,"column":46}},"93":{"start":{"line":212,"column":18},"end":{"line":212,"column":40}},"94":{"start":{"line":214,"column":6},"end":{"line":217,"column":9}},"95":{"start":{"line":219,"column":6},"end":{"line":221,"column":null}},"96":{"start":{"line":220,"column":8},"end":{"line":220,"column":71}},"97":{"start":{"line":223,"column":6},"end":{"line":223,"column":40}},"98":{"start":{"line":225,"column":6},"end":{"line":225,"column":32}},"99":{"start":{"line":227,"column":6},"end":{"line":229,"column":null}},"100":{"start":{"line":228,"column":8},"end":{"line":228,"column":42}},"101":{"start":{"line":231,"column":6},"end":{"line":231,"column":37}},"102":{"start":{"line":233,"column":6},"end":{"line":236,"column":9}},"103":{"start":{"line":238,"column":6},"end":{"line":240,"column":null}},"104":{"start":{"line":239,"column":8},"end":{"line":239,"column":80}},"105":{"start":{"line":242,"column":6},"end":{"line":244,"column":null}},"106":{"start":{"line":243,"column":8},"end":{"line":243,"column":33}},"107":{"start":{"line":246,"column":6},"end":{"line":246,"column":72}},"108":{"start":{"line":249,"column":6},"end":{"line":249,"column":22}},"109":{"start":{"line":254,"column":4},"end":{"line":254,"column":25}},"110":{"start":{"line":255,"column":4},"end":{"line":255,"column":30}},"111":{"start":{"line":256,"column":4},"end":{"line":256,"column":69}},"112":{"start":{"line":260,"column":4},"end":{"line":260,"column":29}},"113":{"start":{"line":261,"column":4},"end":{"line":261,"column":70}},"114":{"start":{"line":265,"column":4},"end":{"line":265,"column":41}},"115":{"start":{"line":269,"column":4},"end":{"line":269,"column":38}},"116":{"start":{"line":270,"column":4},"end":{"line":270,"column":48}},"117":{"start":{"line":7,"column":0},"end":{"line":7,"column":13}}},"fnMap":{"0":{"name":"(anonymous_7)","decl":{"start":{"line":17,"column":2},"end":{"line":17,"column":14}},"loc":{"start":{"line":17,"column":53},"end":{"line":53,"column":3}}},"1":{"name":"(anonymous_8)","decl":{"start":{"line":28,"column":53},"end":{"line":28,"column":54}},"loc":{"start":{"line":28,"column":101},"end":{"line":30,"column":5}}},"2":{"name":"(anonymous_9)","decl":{"start":{"line":32,"column":48},"end":{"line":32,"column":49}},"loc":{"start":{"line":32,"column":58},"end":{"line":35,"column":5}}},"3":{"name":"(anonymous_10)","decl":{"start":{"line":37,"column":57},"end":{"line":37,"column":58}},"loc":{"start":{"line":37,"column":105},"end":{"line":39,"column":5}}},"4":{"name":"(anonymous_11)","decl":{"start":{"line":41,"column":48},"end":{"line":41,"column":51}},"loc":{"start":{"line":41,"column":53},"end":{"line":44,"column":5}}},"5":{"name":"(anonymous_12)","decl":{"start":{"line":55,"column":2},"end":{"line":55,"column":12}},"loc":{"start":{"line":55,"column":12},"end":{"line":73,"column":3}}},"6":{"name":"(anonymous_13)","decl":{"start":{"line":59,"column":37},"end":{"line":59,"column":38}},"loc":{"start":{"line":59,"column":47},"end":{"line":61,"column":5}}},"7":{"name":"(anonymous_14)","decl":{"start":{"line":62,"column":41},"end":{"line":62,"column":42}},"loc":{"start":{"line":62,"column":51},"end":{"line":64,"column":5}}},"8":{"name":"(anonymous_15)","decl":{"start":{"line":65,"column":39},"end":{"line":65,"column":42}},"loc":{"start":{"line":65,"column":44},"end":{"line":67,"column":5}}},"9":{"name":"(anonymous_16)","decl":{"start":{"line":68,"column":38},"end":{"line":68,"column":41}},"loc":{"start":{"line":68,"column":43},"end":{"line":70,"column":5}}},"10":{"name":"(anonymous_17)","decl":{"start":{"line":75,"column":2},"end":{"line":75,"column":9}},"loc":{"start":{"line":75,"column":27},"end":{"line":81,"column":3}}},"11":{"name":"(anonymous_18)","decl":{"start":{"line":83,"column":2},"end":{"line":83,"column":14}},"loc":{"start":{"line":83,"column":25},"end":{"line":89,"column":3}}},"12":{"name":"(anonymous_19)","decl":{"start":{"line":91,"column":2},"end":{"line":91,"column":13}},"loc":{"start":{"line":91,"column":35},"end":{"line":96,"column":3}}},"13":{"name":"(anonymous_20)","decl":{"start":{"line":98,"column":8},"end":{"line":98,"column":25}},"loc":{"start":{"line":98,"column":64},"end":{"line":150,"column":null}}},"14":{"name":"(anonymous_22)","decl":{"start":{"line":101,"column":51},"end":{"line":101,"column":52}},"loc":{"start":{"line":101,"column":87},"end":{"line":107,"column":5}}},"15":{"name":"(anonymous_23)","decl":{"start":{"line":109,"column":60},"end":{"line":109,"column":61}},"loc":{"start":{"line":109,"column":78},"end":{"line":140,"column":5}}},"16":{"name":"(anonymous_24)","decl":{"start":{"line":114,"column":37},"end":{"line":114,"column":47}},"loc":{"start":{"line":114,"column":48},"end":{"line":132,"column":7}}},"17":{"name":"(anonymous_25)","decl":{"start":{"line":142,"column":61},"end":{"line":142,"column":62}},"loc":{"start":{"line":142,"column":80},"end":{"line":149,"column":5}}},"18":{"name":"(anonymous_26)","decl":{"start":{"line":152,"column":2},"end":{"line":152,"column":12}},"loc":{"start":{"line":152,"column":48},"end":{"line":162,"column":3}}},"19":{"name":"(anonymous_27)","decl":{"start":{"line":164,"column":8},"end":{"line":164,"column":12}},"loc":{"start":{"line":169,"column":27},"end":{"line":251,"column":null}}},"20":{"name":"(anonymous_29)","decl":{"start":{"line":200,"column":64},"end":{"line":200,"column":74}},"loc":{"start":{"line":200,"column":87},"end":{"line":204,"column":9}}},"21":{"name":"(anonymous_30)","decl":{"start":{"line":253,"column":2},"end":{"line":253,"column":7}},"loc":{"start":{"line":253,"column":7},"end":{"line":257,"column":3}}},"22":{"name":"(anonymous_31)","decl":{"start":{"line":259,"column":2},"end":{"line":259,"column":8}},"loc":{"start":{"line":259,"column":8},"end":{"line":262,"column":3}}},"23":{"name":"(anonymous_32)","decl":{"start":{"line":264,"column":2},"end":{"line":264,"column":6}},"loc":{"start":{"line":264,"column":19},"end":{"line":266,"column":3}}},"24":{"name":"(anonymous_33)","decl":{"start":{"line":268,"column":2},"end":{"line":268,"column":11}},"loc":{"start":{"line":268,"column":26},"end":{"line":271,"column":3}}}},"branchMap":{"0":{"loc":{"start":{"line":24,"column":4},"end":{"line":26,"column":null}},"type":"if","locations":[{"start":{"line":24,"column":4},"end":{"line":26,"column":null}},{"start":{"line":24,"column":4},"end":{"line":26,"column":null}}]},"1":{"loc":{"start":{"line":47,"column":4},"end":{"line":52,"column":null}},"type":"if","locations":[{"start":{"line":47,"column":4},"end":{"line":52,"column":null}},{"start":{"line":47,"column":4},"end":{"line":52,"column":null}}]},"2":{"loc":{"start":{"line":78,"column":4},"end":{"line":80,"column":null}},"type":"if","locations":[{"start":{"line":78,"column":4},"end":{"line":80,"column":null}},{"start":{"line":78,"column":4},"end":{"line":80,"column":null}}]},"3":{"loc":{"start":{"line":85,"column":32},"end":{"line":85,"column":34}},"type":"cond-expr","locations":[{"start":{"line":85,"column":32},"end":{"line":85,"column":34}},{"start":{"line":85,"column":32},"end":{"line":85,"column":36}}]},"4":{"loc":{"start":{"line":85,"column":15},"end":{"line":85,"column":34}},"type":"binary-expr","locations":[{"start":{"line":85,"column":15},"end":{"line":85,"column":34}},{"start":{"line":85,"column":32},"end":{"line":85,"column":34}}]},"5":{"loc":{"start":{"line":93,"column":4},"end":{"line":95,"column":null}},"type":"if","locations":[{"start":{"line":93,"column":4},"end":{"line":95,"column":null}},{"start":{"line":93,"column":4},"end":{"line":95,"column":null}}]},"6":{"loc":{"start":{"line":102,"column":6},"end":{"line":102,"column":50}},"type":"if","locations":[{"start":{"line":102,"column":6},"end":{"line":102,"column":50}},{"start":{"line":102,"column":6},"end":{"line":102,"column":50}}]},"7":{"loc":{"start":{"line":110,"column":6},"end":{"line":112,"column":null}},"type":"if","locations":[{"start":{"line":110,"column":6},"end":{"line":112,"column":null}},{"start":{"line":110,"column":6},"end":{"line":112,"column":null}}]},"8":{"loc":{"start":{"line":122,"column":32},"end":{"line":122,"column":38}},"type":"cond-expr","locations":[{"start":{"line":122,"column":32},"end":{"line":122,"column":38}},{"start":{"line":122,"column":41},"end":{"line":122,"column":51}}]},"9":{"loc":{"start":{"line":123,"column":32},"end":{"line":123,"column":38}},"type":"cond-expr","locations":[{"start":{"line":123,"column":32},"end":{"line":123,"column":38}},{"start":{"line":123,"column":41},"end":{"line":123,"column":51}}]},"10":{"loc":{"start":{"line":128,"column":24},"end":{"line":128,"column":34}},"type":"cond-expr","locations":[{"start":{"line":128,"column":24},"end":{"line":128,"column":34}},{"start":{"line":128,"column":38},"end":{"line":128,"column":58}}]},"11":{"loc":{"start":{"line":128,"column":38},"end":{"line":128,"column":46}},"type":"binary-expr","locations":[{"start":{"line":128,"column":38},"end":{"line":128,"column":46}},{"start":{"line":128,"column":51},"end":{"line":128,"column":57}}]},"12":{"loc":{"start":{"line":143,"column":6},"end":{"line":145,"column":null}},"type":"if","locations":[{"start":{"line":143,"column":6},"end":{"line":145,"column":null}},{"start":{"line":143,"column":6},"end":{"line":145,"column":null}}]},"13":{"loc":{"start":{"line":153,"column":4},"end":{"line":155,"column":null}},"type":"if","locations":[{"start":{"line":153,"column":4},"end":{"line":155,"column":null}},{"start":{"line":153,"column":4},"end":{"line":155,"column":null}}]},"14":{"loc":{"start":{"line":157,"column":4},"end":{"line":159,"column":null}},"type":"if","locations":[{"start":{"line":157,"column":4},"end":{"line":159,"column":null}},{"start":{"line":157,"column":4},"end":{"line":159,"column":null}}]},"15":{"loc":{"start":{"line":174,"column":6},"end":{"line":188,"column":null}},"type":"if","locations":[{"start":{"line":174,"column":6},"end":{"line":188,"column":null}},{"start":{"line":174,"column":6},"end":{"line":188,"column":null}}]},"16":{"loc":{"start":{"line":174,"column":10},"end":{"line":174,"column":38}},"type":"binary-expr","locations":[{"start":{"line":174,"column":10},"end":{"line":174,"column":38}},{"start":{"line":174,"column":42},"end":{"line":174,"column":56}},{"start":{"line":174,"column":60},"end":{"line":174,"column":79}}]},"17":{"loc":{"start":{"line":190,"column":6},"end":{"line":197,"column":null}},"type":"if","locations":[{"start":{"line":190,"column":6},"end":{"line":197,"column":null}},{"start":{"line":190,"column":6},"end":{"line":197,"column":null}}]},"18":{"loc":{"start":{"line":190,"column":10},"end":{"line":190,"column":19}},"type":"binary-expr","locations":[{"start":{"line":190,"column":10},"end":{"line":190,"column":19}},{"start":{"line":190,"column":23},"end":{"line":190,"column":30}}]},"19":{"loc":{"start":{"line":199,"column":6},"end":{"line":205,"column":null}},"type":"if","locations":[{"start":{"line":199,"column":6},"end":{"line":205,"column":null}},{"start":{"line":199,"column":6},"end":{"line":205,"column":null}}]},"20":{"loc":{"start":{"line":201,"column":10},"end":{"line":203,"column":null}},"type":"if","locations":[{"start":{"line":201,"column":10},"end":{"line":203,"column":null}},{"start":{"line":201,"column":10},"end":{"line":203,"column":null}}]},"21":{"loc":{"start":{"line":208,"column":6},"end":{"line":210,"column":null}},"type":"if","locations":[{"start":{"line":208,"column":6},"end":{"line":210,"column":null}},{"start":{"line":208,"column":6},"end":{"line":210,"column":null}}]},"22":{"loc":{"start":{"line":215,"column":34},"end":{"line":215,"column":36}},"type":"cond-expr","locations":[{"start":{"line":215,"column":34},"end":{"line":215,"column":36}},{"start":{"line":215,"column":34},"end":{"line":215,"column":38}}]},"23":{"loc":{"start":{"line":215,"column":17},"end":{"line":215,"column":36}},"type":"binary-expr","locations":[{"start":{"line":215,"column":17},"end":{"line":215,"column":36}},{"start":{"line":215,"column":34},"end":{"line":215,"column":36}}]},"24":{"loc":{"start":{"line":219,"column":6},"end":{"line":221,"column":null}},"type":"if","locations":[{"start":{"line":219,"column":6},"end":{"line":221,"column":null}},{"start":{"line":219,"column":6},"end":{"line":221,"column":null}}]},"25":{"loc":{"start":{"line":219,"column":10},"end":{"line":219,"column":37}},"type":"binary-expr","locations":[{"start":{"line":219,"column":10},"end":{"line":219,"column":37}},{"start":{"line":219,"column":41},"end":{"line":219,"column":55}}]},"26":{"loc":{"start":{"line":227,"column":6},"end":{"line":229,"column":null}},"type":"if","locations":[{"start":{"line":227,"column":6},"end":{"line":229,"column":null}},{"start":{"line":227,"column":6},"end":{"line":229,"column":null}}]},"27":{"loc":{"start":{"line":234,"column":34},"end":{"line":234,"column":36}},"type":"cond-expr","locations":[{"start":{"line":234,"column":34},"end":{"line":234,"column":36}},{"start":{"line":234,"column":34},"end":{"line":234,"column":38}}]},"28":{"loc":{"start":{"line":234,"column":17},"end":{"line":234,"column":36}},"type":"binary-expr","locations":[{"start":{"line":234,"column":17},"end":{"line":234,"column":36}},{"start":{"line":234,"column":34},"end":{"line":234,"column":36}}]},"29":{"loc":{"start":{"line":238,"column":6},"end":{"line":240,"column":null}},"type":"if","locations":[{"start":{"line":238,"column":6},"end":{"line":240,"column":null}},{"start":{"line":238,"column":6},"end":{"line":240,"column":null}}]},"30":{"loc":{"start":{"line":238,"column":10},"end":{"line":238,"column":47}},"type":"binary-expr","locations":[{"start":{"line":238,"column":10},"end":{"line":238,"column":47}},{"start":{"line":238,"column":51},"end":{"line":238,"column":76}}]},"31":{"loc":{"start":{"line":242,"column":6},"end":{"line":244,"column":null}},"type":"if","locations":[{"start":{"line":242,"column":6},"end":{"line":244,"column":null}},{"start":{"line":242,"column":6},"end":{"line":244,"column":null}}]}},"s":{"0":1,"1":1,"2":1,"3":1,"4":1,"5":13,"6":13,"7":13,"8":13,"9":13,"10":13,"11":13,"12":1,"13":13,"14":0,"15":13,"16":0,"17":0,"18":13,"19":0,"20":13,"21":0,"22":0,"23":13,"24":13,"25":13,"26":0,"27":13,"28":13,"29":0,"30":13,"31":0,"32":13,"33":0,"34":13,"35":0,"36":13,"37":1,"38":0,"39":0,"40":0,"41":0,"42":9,"43":9,"44":4,"45":0,"46":0,"47":0,"48":0,"49":0,"50":0,"51":0,"52":0,"53":0,"54":0,"55":0,"56":0,"57":0,"58":0,"59":0,"60":0,"61":0,"62":0,"63":0,"64":0,"65":0,"66":0,"67":0,"68":0,"69":0,"70":0,"71":0,"72":4,"73":0,"74":4,"75":0,"76":4,"77":4,"78":4,"79":0,"80":0,"81":0,"82":0,"83":0,"84":4,"85":4,"86":4,"87":4,"88":0,"89":0,"90":0,"91":4,"92":2,"93":3,"94":3,"95":3,"96":0,"97":3,"98":3,"99":3,"100":0,"101":3,"102":3,"103":3,"104":0,"105":3,"106":0,"107":3,"108":1,"109":2,"110":2,"111":2,"112":2,"113":2,"114":1,"115":2,"116":2,"117":1},"f":{"0":13,"1":0,"2":0,"3":0,"4":0,"5":13,"6":0,"7":0,"8":0,"9":0,"10":1,"11":0,"12":9,"13":0,"14":0,"15":0,"16":0,"17":0,"18":4,"19":4,"20":0,"21":2,"22":2,"23":1,"24":2},"b":{"0":[1,12],"1":[13,0],"2":[0,0],"3":[0,0],"4":[0,0],"5":[4,5],"6":[0,0],"7":[0,0],"8":[0,0],"9":[0,0],"10":[0,0],"11":[0,0],"12":[0,0],"13":[0,4],"14":[0,4],"15":[0,4],"16":[4,0,0],"17":[4,0],"18":[4,4],"19":[0,4],"20":[0,0],"21":[2,2],"22":[3,0],"23":[3,3],"24":[0,3],"25":[3,0],"26":[0,3],"27":[0,3],"28":[3,3],"29":[0,3],"30":[3,0],"31":[0,3]}}
,"/Users/abarac/rhapsody/flaka/src/Logger.ts": {"path":"/Users/abarac/rhapsody/flaka/src/Logger.ts","statementMap":{"0":{"start":{"line":10,"column":2},"end":{"line":13,"column":4}},"1":{"start":{"line":11,"column":4},"end":{"line":11,"column":48}},"2":{"start":{"line":12,"column":4},"end":{"line":12,"column":43}},"3":{"start":{"line":9,"column":0},"end":{"line":9,"column":13}}},"fnMap":{"0":{"name":"(anonymous_0)","decl":{"start":{"line":9,"column":0},"end":{"line":9,"column":13}},"loc":{"start":{"line":9,"column":0},"end":{"line":14,"column":1}}},"1":{"name":"(anonymous_1)","decl":{"start":{"line":10,"column":8},"end":{"line":10,"column":9}},"loc":{"start":{"line":10,"column":67},"end":{"line":13,"column":3}}}},"branchMap":{},"s":{"0":13,"1":6,"2":6,"3":1},"f":{"0":13,"1":6},"b":{}}
,"/Users/abarac/rhapsody/flaka/src/constants.ts": {"path":"/Users/abarac/rhapsody/flaka/src/constants.ts","statementMap":{"0":{"start":{"line":1,"column":0},"end":{"line":1,"column":49}},"1":{"start":{"line":3,"column":13},"end":{"line":7,"column":2}}},"fnMap":{},"branchMap":{},"s":{"0":1,"1":1},"f":{},"b":{}}
,"/Users/abarac/rhapsody/flaka/src/helpers.ts": {"path":"/Users/abarac/rhapsody/flaka/src/helpers.ts","statementMap":{"0":{"start":{"line":1,"column":34},"end":{"line":13,"column":1}},"1":{"start":{"line":2,"column":23},"end":{"line":2,"column":54}},"2":{"start":{"line":3,"column":2},"end":{"line":3,"column":23}},"3":{"start":{"line":4,"column":2},"end":{"line":4,"column":31}},"4":{"start":{"line":5,"column":2},"end":{"line":5,"column":34}},"5":{"start":{"line":6,"column":2},"end":{"line":6,"column":26}},"6":{"start":{"line":7,"column":2},"end":{"line":7,"column":25}},"7":{"start":{"line":8,"column":2},"end":{"line":8,"column":60}},"8":{"start":{"line":10,"column":2},"end":{"line":10,"column":42}},"9":{"start":{"line":12,"column":2},"end":{"line":12,"column":22}},"10":{"start":{"line":1,"column":13},"end":{"line":1,"column":34}}},"fnMap":{"0":{"name":"(anonymous_0)","decl":{"start":{"line":1,"column":34},"end":{"line":1,"column":35}},"loc":{"start":{"line":1,"column":67},"end":{"line":13,"column":1}}}},"branchMap":{},"s":{"0":1,"1":1,"2":1,"3":1,"4":1,"5":1,"6":1,"7":1,"8":1,"9":1,"10":1},"f":{"0":1},"b":{}}
,"/Users/abarac/rhapsody/flaka/src/types.ts": {"path":"/Users/abarac/rhapsody/flaka/src/types.ts","statementMap":{"0":{"start":{"line":1,"column":0},"end":{"line":1,"column":null}},"1":{"start":{"line":2,"column":2},"end":{"line":2,"column":null}},"2":{"start":{"line":3,"column":2},"end":{"line":3,"column":null}},"3":{"start":{"line":4,"column":2},"end":{"line":4,"column":null}},"4":{"start":{"line":25,"column":0},"end":{"line":25,"column":null}},"5":{"start":{"line":26,"column":2},"end":{"line":26,"column":null}},"6":{"start":{"line":27,"column":2},"end":{"line":27,"column":null}},"7":{"start":{"line":28,"column":2},"end":{"line":28,"column":null}}},"fnMap":{"0":{"name":"(anonymous_0)","decl":{"start":{"line":1,"column":0},"end":{"line":1,"column":12}},"loc":{"start":{"line":1,"column":21},"end":{"line":5,"column":1}}},"1":{"name":"(anonymous_1)","decl":{"start":{"line":25,"column":0},"end":{"line":25,"column":12}},"loc":{"start":{"line":25,"column":19},"end":{"line":29,"column":1}}}},"branchMap":{"0":{"loc":{"start":{"line":1,"column":12},"end":{"line":1,"column":21}},"type":"binary-expr","locations":[{"start":{"line":1,"column":12},"end":{"line":1,"column":21}},{"start":{"line":1,"column":12},"end":{"line":1,"column":null}}]},"1":{"loc":{"start":{"line":25,"column":12},"end":{"line":25,"column":19}},"type":"binary-expr","locations":[{"start":{"line":25,"column":12},"end":{"line":25,"column":19}},{"start":{"line":25,"column":12},"end":{"line":25,"column":null}}]}},"s":{"0":1,"1":1,"2":1,"3":1,"4":1,"5":1,"6":1,"7":1},"f":{"0":1,"1":1},"b":{"0":[1,1],"1":[1,1]}}
}
