{"/Users/antonionovoselnik/five/napster/flaka/src/FlakaPlayer.ts": {"path":"/Users/antonionovoselnik/five/napster/flaka/src/FlakaPlayer.ts","statementMap":{"0":{"start":{"line":1,"column":0},"end":{"line":1,"column":67}},"1":{"start":{"line":2,"column":0},"end":{"line":2,"column":49}},"2":{"start":{"line":3,"column":0},"end":{"line":3,"column":47}},"3":{"start":{"line":4,"column":0},"end":{"line":4,"column":34}},"4":{"start":{"line":5,"column":0},"end":{"line":5,"column":76}},"5":{"start":{"line":9,"column":2},"end":{"line":9,"column":29}},"6":{"start":{"line":16,"column":4},"end":{"line":16,"column":27}},"7":{"start":{"line":17,"column":4},"end":{"line":17,"column":31}},"8":{"start":{"line":18,"column":4},"end":{"line":18,"column":72}},"9":{"start":{"line":20,"column":4},"end":{"line":22,"column":null}},"10":{"start":{"line":21,"column":6},"end":{"line":21,"column":49}},"11":{"start":{"line":24,"column":4},"end":{"line":26,"column":7}},"12":{"start":{"line":25,"column":6},"end":{"line":25,"column":53}},"13":{"start":{"line":28,"column":4},"end":{"line":30,"column":7}},"14":{"start":{"line":29,"column":6},"end":{"line":29,"column":75}},"15":{"start":{"line":33,"column":4},"end":{"line":38,"column":null}},"16":{"start":{"line":34,"column":6},"end":{"line":34,"column":28}},"17":{"start":{"line":35,"column":6},"end":{"line":35,"column":24}},"18":{"start":{"line":37,"column":6},"end":{"line":37,"column":50}},"19":{"start":{"line":42,"column":4},"end":{"line":42,"column":48}},"20":{"start":{"line":45,"column":4},"end":{"line":45,"column":61}},"21":{"start":{"line":50,"column":4},"end":{"line":50,"column":61}},"22":{"start":{"line":54,"column":4},"end":{"line":57,"column":7}},"23":{"start":{"line":58,"column":4},"end":{"line":58,"column":31}},"24":{"start":{"line":62,"column":4},"end":{"line":62,"column":26}},"25":{"start":{"line":63,"column":4},"end":{"line":65,"column":null}},"26":{"start":{"line":64,"column":6},"end":{"line":64,"column":64}},"27":{"start":{"line":69,"column":4},"end":{"line":69,"column":37}},"28":{"start":{"line":71,"column":4},"end":{"line":77,"column":null}},"29":{"start":{"line":72,"column":6},"end":{"line":76,"column":9}},"30":{"start":{"line":79,"column":4},"end":{"line":85,"column":null}},"31":{"start":{"line":80,"column":6},"end":{"line":84,"column":9}},"32":{"start":{"line":81,"column":8},"end":{"line":83,"column":null}},"33":{"start":{"line":82,"column":10},"end":{"line":82,"column":48}},"34":{"start":{"line":89,"column":4},"end":{"line":129,"column":null}},"35":{"start":{"line":91,"column":6},"end":{"line":93,"column":null}},"36":{"start":{"line":92,"column":8},"end":{"line":92,"column":46}},"37":{"start":{"line":95,"column":18},"end":{"line":95,"column":40}},"38":{"start":{"line":97,"column":6},"end":{"line":100,"column":9}},"39":{"start":{"line":102,"column":6},"end":{"line":104,"column":null}},"40":{"start":{"line":103,"column":8},"end":{"line":103,"column":71}},"41":{"start":{"line":106,"column":6},"end":{"line":106,"column":40}},"42":{"start":{"line":108,"column":6},"end":{"line":108,"column":32}},"43":{"start":{"line":110,"column":6},"end":{"line":112,"column":null}},"44":{"start":{"line":111,"column":8},"end":{"line":111,"column":42}},"45":{"start":{"line":114,"column":6},"end":{"line":114,"column":37}},"46":{"start":{"line":116,"column":6},"end":{"line":119,"column":9}},"47":{"start":{"line":121,"column":6},"end":{"line":123,"column":null}},"48":{"start":{"line":122,"column":8},"end":{"line":122,"column":80}},"49":{"start":{"line":125,"column":6},"end":{"line":125,"column":72}},"50":{"start":{"line":128,"column":6},"end":{"line":128,"column":22}},"51":{"start":{"line":133,"column":4},"end":{"line":133,"column":25}},"52":{"start":{"line":134,"column":4},"end":{"line":134,"column":30}},"53":{"start":{"line":135,"column":4},"end":{"line":135,"column":69}},"54":{"start":{"line":139,"column":4},"end":{"line":139,"column":29}},"55":{"start":{"line":140,"column":4},"end":{"line":140,"column":70}},"56":{"start":{"line":144,"column":4},"end":{"line":144,"column":41}},"57":{"start":{"line":148,"column":4},"end":{"line":148,"column":38}},"58":{"start":{"line":149,"column":4},"end":{"line":149,"column":48}},"59":{"start":{"line":7,"column":0},"end":{"line":7,"column":13}}},"fnMap":{"0":{"name":"(anonymous_7)","decl":{"start":{"line":15,"column":2},"end":{"line":15,"column":14}},"loc":{"start":{"line":15,"column":53},"end":{"line":39,"column":3}}},"1":{"name":"(anonymous_8)","decl":{"start":{"line":24,"column":53},"end":{"line":24,"column":54}},"loc":{"start":{"line":24,"column":101},"end":{"line":26,"column":5}}},"2":{"name":"(anonymous_9)","decl":{"start":{"line":28,"column":57},"end":{"line":28,"column":58}},"loc":{"start":{"line":28,"column":105},"end":{"line":30,"column":5}}},"3":{"name":"(anonymous_10)","decl":{"start":{"line":41,"column":2},"end":{"line":41,"column":12}},"loc":{"start":{"line":41,"column":12},"end":{"line":46,"column":3}}},"4":{"name":"(anonymous_11)","decl":{"start":{"line":48,"column":2},"end":{"line":48,"column":9}},"loc":{"start":{"line":48,"column":27},"end":{"line":51,"column":3}}},"5":{"name":"(anonymous_12)","decl":{"start":{"line":53,"column":2},"end":{"line":53,"column":14}},"loc":{"start":{"line":53,"column":39},"end":{"line":59,"column":3}}},"6":{"name":"(anonymous_13)","decl":{"start":{"line":61,"column":2},"end":{"line":61,"column":13}},"loc":{"start":{"line":61,"column":35},"end":{"line":66,"column":3}}},"7":{"name":"(anonymous_14)","decl":{"start":{"line":68,"column":8},"end":{"line":68,"column":12}},"loc":{"start":{"line":68,"column":87},"end":{"line":130,"column":null}}},"8":{"name":"(anonymous_16)","decl":{"start":{"line":80,"column":62},"end":{"line":80,"column":72}},"loc":{"start":{"line":80,"column":85},"end":{"line":84,"column":7}}},"9":{"name":"(anonymous_17)","decl":{"start":{"line":132,"column":2},"end":{"line":132,"column":7}},"loc":{"start":{"line":132,"column":7},"end":{"line":136,"column":3}}},"10":{"name":"(anonymous_18)","decl":{"start":{"line":138,"column":2},"end":{"line":138,"column":8}},"loc":{"start":{"line":138,"column":8},"end":{"line":141,"column":3}}},"11":{"name":"(anonymous_19)","decl":{"start":{"line":143,"column":2},"end":{"line":143,"column":6}},"loc":{"start":{"line":143,"column":19},"end":{"line":145,"column":3}}},"12":{"name":"(anonymous_20)","decl":{"start":{"line":147,"column":2},"end":{"line":147,"column":11}},"loc":{"start":{"line":147,"column":26},"end":{"line":150,"column":3}}}},"branchMap":{"0":{"loc":{"start":{"line":20,"column":4},"end":{"line":22,"column":null}},"type":"if","locations":[{"start":{"line":20,"column":4},"end":{"line":22,"column":null}},{"start":{"line":20,"column":4},"end":{"line":22,"column":null}}]},"1":{"loc":{"start":{"line":33,"column":4},"end":{"line":38,"column":null}},"type":"if","locations":[{"start":{"line":33,"column":4},"end":{"line":38,"column":null}},{"start":{"line":33,"column":4},"end":{"line":38,"column":null}}]},"2":{"loc":{"start":{"line":55,"column":32},"end":{"line":55,"column":34}},"type":"cond-expr","locations":[{"start":{"line":55,"column":32},"end":{"line":55,"column":34}},{"start":{"line":55,"column":32},"end":{"line":55,"column":36}}]},"3":{"loc":{"start":{"line":55,"column":15},"end":{"line":55,"column":34}},"type":"binary-expr","locations":[{"start":{"line":55,"column":15},"end":{"line":55,"column":34}},{"start":{"line":55,"column":32},"end":{"line":55,"column":34}}]},"4":{"loc":{"start":{"line":63,"column":4},"end":{"line":65,"column":null}},"type":"if","locations":[{"start":{"line":63,"column":4},"end":{"line":65,"column":null}},{"start":{"line":63,"column":4},"end":{"line":65,"column":null}}]},"5":{"loc":{"start":{"line":71,"column":4},"end":{"line":77,"column":null}},"type":"if","locations":[{"start":{"line":71,"column":4},"end":{"line":77,"column":null}},{"start":{"line":71,"column":4},"end":{"line":77,"column":null}}]},"6":{"loc":{"start":{"line":79,"column":4},"end":{"line":85,"column":null}},"type":"if","locations":[{"start":{"line":79,"column":4},"end":{"line":85,"column":null}},{"start":{"line":79,"column":4},"end":{"line":85,"column":null}}]},"7":{"loc":{"start":{"line":81,"column":8},"end":{"line":83,"column":null}},"type":"if","locations":[{"start":{"line":81,"column":8},"end":{"line":83,"column":null}},{"start":{"line":81,"column":8},"end":{"line":83,"column":null}}]},"8":{"loc":{"start":{"line":91,"column":6},"end":{"line":93,"column":null}},"type":"if","locations":[{"start":{"line":91,"column":6},"end":{"line":93,"column":null}},{"start":{"line":91,"column":6},"end":{"line":93,"column":null}}]},"9":{"loc":{"start":{"line":98,"column":34},"end":{"line":98,"column":36}},"type":"cond-expr","locations":[{"start":{"line":98,"column":34},"end":{"line":98,"column":36}},{"start":{"line":98,"column":34},"end":{"line":98,"column":38}}]},"10":{"loc":{"start":{"line":98,"column":17},"end":{"line":98,"column":36}},"type":"binary-expr","locations":[{"start":{"line":98,"column":17},"end":{"line":98,"column":36}},{"start":{"line":98,"column":34},"end":{"line":98,"column":36}}]},"11":{"loc":{"start":{"line":102,"column":6},"end":{"line":104,"column":null}},"type":"if","locations":[{"start":{"line":102,"column":6},"end":{"line":104,"column":null}},{"start":{"line":102,"column":6},"end":{"line":104,"column":null}}]},"12":{"loc":{"start":{"line":102,"column":10},"end":{"line":102,"column":37}},"type":"binary-expr","locations":[{"start":{"line":102,"column":10},"end":{"line":102,"column":37}},{"start":{"line":102,"column":41},"end":{"line":102,"column":55}}]},"13":{"loc":{"start":{"line":110,"column":6},"end":{"line":112,"column":null}},"type":"if","locations":[{"start":{"line":110,"column":6},"end":{"line":112,"column":null}},{"start":{"line":110,"column":6},"end":{"line":112,"column":null}}]},"14":{"loc":{"start":{"line":117,"column":34},"end":{"line":117,"column":36}},"type":"cond-expr","locations":[{"start":{"line":117,"column":34},"end":{"line":117,"column":36}},{"start":{"line":117,"column":34},"end":{"line":117,"column":38}}]},"15":{"loc":{"start":{"line":117,"column":17},"end":{"line":117,"column":36}},"type":"binary-expr","locations":[{"start":{"line":117,"column":17},"end":{"line":117,"column":36}},{"start":{"line":117,"column":34},"end":{"line":117,"column":36}}]},"16":{"loc":{"start":{"line":121,"column":6},"end":{"line":123,"column":null}},"type":"if","locations":[{"start":{"line":121,"column":6},"end":{"line":123,"column":null}},{"start":{"line":121,"column":6},"end":{"line":123,"column":null}}]},"17":{"loc":{"start":{"line":121,"column":10},"end":{"line":121,"column":47}},"type":"binary-expr","locations":[{"start":{"line":121,"column":10},"end":{"line":121,"column":47}},{"start":{"line":121,"column":51},"end":{"line":121,"column":76}}]}},"s":{"0":1,"1":1,"2":1,"3":1,"4":1,"5":13,"6":13,"7":13,"8":13,"9":13,"10":1,"11":13,"12":0,"13":13,"14":0,"15":13,"16":13,"17":13,"18":0,"19":13,"20":13,"21":1,"22":0,"23":0,"24":9,"25":9,"26":4,"27":4,"28":4,"29":0,"30":4,"31":0,"32":0,"33":0,"34":4,"35":4,"36":2,"37":3,"38":3,"39":3,"40":0,"41":3,"42":3,"43":3,"44":0,"45":3,"46":3,"47":3,"48":0,"49":3,"50":1,"51":2,"52":2,"53":2,"54":2,"55":2,"56":1,"57":2,"58":2,"59":1},"f":{"0":13,"1":0,"2":0,"3":13,"4":1,"5":0,"6":9,"7":4,"8":0,"9":2,"10":2,"11":1,"12":2},"b":{"0":[1,12],"1":[13,0],"2":[0,0],"3":[0,0],"4":[4,5],"5":[0,4],"6":[0,4],"7":[0,0],"8":[2,2],"9":[3,0],"10":[3,3],"11":[0,3],"12":[3,0],"13":[0,3],"14":[0,3],"15":[3,3],"16":[0,3],"17":[3,0]}}
}
