TN:
SF:src/FlakaPlayer.ts
FN:17,(anonymous_7)
FN:28,(anonymous_8)
FN:32,(anonymous_9)
FN:37,(anonymous_10)
FN:41,(anonymous_11)
FN:55,(anonymous_12)
FN:59,(anonymous_13)
FN:62,(anonymous_14)
FN:65,(anonymous_15)
FN:68,(anonymous_16)
FN:75,(anonymous_17)
FN:83,(anonymous_18)
FN:91,(anonymous_19)
FN:98,(anonymous_20)
FN:101,(anonymous_22)
FN:109,(anonymous_23)
FN:114,(anonymous_24)
FN:142,(anonymous_25)
FN:152,(anonymous_26)
FN:164,(anonymous_27)
FN:200,(anonymous_29)
FN:253,(anonymous_30)
FN:259,(anonymous_31)
FN:264,(anonymous_32)
FN:268,(anonymous_33)
FNF:25
FNH:10
FNDA:13,(anonymous_7)
FNDA:0,(anonymous_8)
FNDA:0,(anonymous_9)
FNDA:0,(anonymous_10)
FNDA:0,(anonymous_11)
FNDA:13,(anonymous_12)
FNDA:0,(anonymous_13)
FNDA:0,(anonymous_14)
FNDA:0,(anonymous_15)
FNDA:0,(anonymous_16)
FNDA:1,(anonymous_17)
FNDA:0,(anonymous_18)
FNDA:9,(anonymous_19)
FNDA:0,(anonymous_20)
FNDA:0,(anonymous_22)
FNDA:0,(anonymous_23)
FNDA:0,(anonymous_24)
FNDA:0,(anonymous_25)
FNDA:4,(anonymous_26)
FNDA:4,(anonymous_27)
FNDA:0,(anonymous_29)
FNDA:2,(anonymous_30)
FNDA:2,(anonymous_31)
FNDA:1,(anonymous_32)
FNDA:2,(anonymous_33)
DA:1,1
DA:2,1
DA:3,1
DA:4,1
DA:5,1
DA:7,1
DA:10,13
DA:18,13
DA:19,13
DA:20,13
DA:21,13
DA:22,13
DA:24,13
DA:25,1
DA:28,13
DA:29,0
DA:32,13
DA:33,0
DA:34,0
DA:37,13
DA:38,0
DA:41,13
DA:42,0
DA:43,0
DA:47,13
DA:48,13
DA:49,13
DA:51,0
DA:56,13
DA:59,13
DA:60,0
DA:62,13
DA:63,0
DA:65,13
DA:66,0
DA:68,13
DA:69,0
DA:72,13
DA:77,1
DA:78,0
DA:79,0
DA:84,0
DA:88,0
DA:92,9
DA:93,9
DA:94,4
DA:101,0
DA:102,0
DA:104,0
DA:105,0
DA:106,0
DA:109,0
DA:110,0
DA:111,0
DA:114,0
DA:115,0
DA:116,0
DA:117,0
DA:121,0
DA:131,0
DA:134,0
DA:135,0
DA:137,0
DA:138,0
DA:139,0
DA:142,0
DA:143,0
DA:144,0
DA:146,0
DA:147,0
DA:148,0
DA:153,4
DA:154,0
DA:157,4
DA:158,0
DA:161,4
DA:173,4
DA:174,4
DA:175,0
DA:176,0
DA:177,0
DA:178,0
DA:187,0
DA:190,4
DA:191,4
DA:192,4
DA:199,4
DA:200,0
DA:201,0
DA:202,0
DA:208,4
DA:209,2
DA:212,3
DA:214,3
DA:219,3
DA:220,0
DA:223,3
DA:225,3
DA:227,3
DA:228,0
DA:231,3
DA:233,3
DA:238,3
DA:239,0
DA:242,3
DA:243,0
DA:246,3
DA:249,1
DA:254,2
DA:255,2
DA:256,2
DA:260,2
DA:261,2
DA:265,1
DA:269,2
DA:270,2
LF:116
LH:62
BRDA:24,0,0,1
BRDA:24,0,1,12
BRDA:47,1,0,13
BRDA:47,1,1,0
BRDA:78,2,0,0
BRDA:78,2,1,0
BRDA:85,3,0,0
BRDA:85,3,1,0
BRDA:85,4,0,0
BRDA:85,4,1,0
BRDA:93,5,0,4
BRDA:93,5,1,5
BRDA:102,6,0,0
BRDA:102,6,1,0
BRDA:110,7,0,0
BRDA:110,7,1,0
BRDA:122,8,0,0
BRDA:122,8,1,0
BRDA:123,9,0,0
BRDA:123,9,1,0
BRDA:128,10,0,0
BRDA:128,10,1,0
BRDA:128,11,0,0
BRDA:128,11,1,0
BRDA:143,12,0,0
BRDA:143,12,1,0
BRDA:153,13,0,0
BRDA:153,13,1,4
BRDA:157,14,0,0
BRDA:157,14,1,4
BRDA:174,15,0,0
BRDA:174,15,1,4
BRDA:174,16,0,4
BRDA:174,16,1,0
BRDA:174,16,2,0
BRDA:190,17,0,4
BRDA:190,17,1,0
BRDA:190,18,0,4
BRDA:190,18,1,4
BRDA:199,19,0,0
BRDA:199,19,1,4
BRDA:201,20,0,0
BRDA:201,20,1,0
BRDA:208,21,0,2
BRDA:208,21,1,2
BRDA:215,22,0,3
BRDA:215,22,1,0
BRDA:215,23,0,3
BRDA:215,23,1,3
BRDA:219,24,0,0
BRDA:219,24,1,3
BRDA:219,25,0,3
BRDA:219,25,1,0
BRDA:227,26,0,0
BRDA:227,26,1,3
BRDA:234,27,0,0
BRDA:234,27,1,3
BRDA:234,28,0,3
BRDA:234,28,1,3
BRDA:238,29,0,0
BRDA:238,29,1,3
BRDA:238,30,0,3
BRDA:238,30,1,0
BRDA:242,31,0,0
BRDA:242,31,1,3
BRF:65
BRH:27
end_of_record
TN:
SF:src/Logger.ts
FN:9,(anonymous_0)
FN:10,(anonymous_1)
FNF:2
FNH:2
FNDA:13,(anonymous_0)
FNDA:6,(anonymous_1)
DA:9,1
DA:10,13
DA:11,6
DA:12,6
LF:4
LH:4
BRF:0
BRH:0
end_of_record
TN:
SF:src/constants.ts
FNF:0
FNH:0
DA:1,1
DA:3,1
LF:2
LH:2
BRF:0
BRH:0
end_of_record
TN:
SF:src/helpers.ts
FN:1,(anonymous_0)
FNF:1
FNH:1
FNDA:1,(anonymous_0)
DA:1,1
DA:2,1
DA:3,1
DA:4,1
DA:5,1
DA:6,1
DA:7,1
DA:8,1
DA:10,1
DA:12,1
LF:10
LH:10
BRF:0
BRH:0
end_of_record
TN:
SF:src/types.ts
FN:1,(anonymous_0)
FN:25,(anonymous_1)
FNF:2
FNH:2
FNDA:1,(anonymous_0)
FNDA:1,(anonymous_1)
DA:1,1
DA:2,1
DA:3,1
DA:4,1
DA:25,1
DA:26,1
DA:27,1
DA:28,1
LF:8
LH:8
BRDA:1,0,0,1
BRDA:1,0,1,1
BRDA:25,1,0,1
BRDA:25,1,1,1
BRF:4
BRH:4
end_of_record
