TN:
SF:src/FlakaPlayer.ts
FN:15,(anonymous_7)
FN:24,(anonymous_8)
FN:28,(anonymous_9)
FN:41,(anonymous_10)
FN:48,(anonymous_11)
FN:53,(anonymous_12)
FN:57,(anonymous_13)
FN:64,(anonymous_14)
FN:76,(anonymous_16)
FN:118,(anonymous_17)
FN:123,(anonymous_18)
FN:128,(anonymous_19)
FN:132,(anonymous_20)
FNF:13
FNH:9
FNDA:13,(anonymous_7)
FNDA:0,(anonymous_8)
FNDA:0,(anonymous_9)
FNDA:13,(anonymous_10)
FNDA:1,(anonymous_11)
FNDA:0,(anonymous_12)
FNDA:9,(anonymous_13)
FNDA:4,(anonymous_14)
FNDA:0,(anonymous_16)
FNDA:2,(anonymous_17)
FNDA:2,(anonymous_18)
FNDA:1,(anonymous_19)
FNDA:2,(anonymous_20)
DA:1,1
DA:2,1
DA:3,1
DA:4,1
DA:5,1
DA:7,1
DA:9,13
DA:16,13
DA:17,13
DA:18,13
DA:20,13
DA:21,1
DA:24,13
DA:25,0
DA:28,13
DA:29,0
DA:33,13
DA:34,13
DA:35,13
DA:37,0
DA:42,13
DA:45,13
DA:50,1
DA:54,0
DA:58,9
DA:59,9
DA:60,4
DA:65,4
DA:67,4
DA:68,0
DA:75,4
DA:76,0
DA:77,0
DA:78,0
DA:85,4
DA:87,4
DA:88,2
DA:91,3
DA:93,3
DA:94,0
DA:97,3
DA:99,3
DA:101,3
DA:102,0
DA:105,3
DA:107,3
DA:108,0
DA:111,3
DA:114,1
DA:119,2
DA:120,2
DA:124,2
DA:125,2
DA:129,1
DA:133,2
DA:134,2
LF:56
LH:45
BRDA:20,0,0,1
BRDA:20,0,1,12
BRDA:33,1,0,13
BRDA:33,1,1,0
BRDA:59,2,0,4
BRDA:59,2,1,5
BRDA:67,3,0,0
BRDA:67,3,1,4
BRDA:75,4,0,0
BRDA:75,4,1,4
BRDA:77,5,0,0
BRDA:77,5,1,0
BRDA:87,6,0,2
BRDA:87,6,1,2
BRDA:93,7,0,0
BRDA:93,7,1,3
BRDA:93,8,0,3
BRDA:93,8,1,0
BRDA:101,9,0,0
BRDA:101,9,1,3
BRDA:107,10,0,0
BRDA:107,10,1,3
BRDA:107,11,0,3
BRDA:107,11,1,0
BRF:24
BRH:14
end_of_record
TN:
SF:src/Logger.ts
FN:5,(anonymous_0)
FNF:1
FNH:0
FNDA:0,(anonymous_0)
DA:1,1
DA:6,0
DA:7,0
LF:3
LH:1
BRF:0
BRH:0
end_of_record
TN:
SF:src/constants.ts
FNF:0
FNH:0
DA:1,1
DA:3,1
LF:2
LH:2
BRF:0
BRH:0
end_of_record
TN:
SF:src/helpers.ts
FN:1,(anonymous_0)
FNF:1
FNH:1
FNDA:1,(anonymous_0)
DA:1,1
DA:2,1
DA:3,1
DA:4,1
DA:6,1
DA:8,1
LF:6
LH:6
BRF:0
BRH:0
end_of_record
TN:
SF:src/types.ts
FN:1,(anonymous_0)
FNF:1
FNH:1
FNDA:1,(anonymous_0)
DA:1,1
DA:2,1
DA:3,1
DA:4,1
LF:4
LH:4
BRDA:1,0,0,1
BRDA:1,0,1,1
BRF:2
BRH:2
end_of_record
